0 info it worked if it ends with ok
1 verbose cli [ 'C:\\nodejs\\node.exe',
1 verbose cli   'C:\\nodejs\\node_modules\\npm\\bin\\npm-cli.js',
1 verbose cli   'run',
1 verbose cli   'build',
1 verbose cli   '--scripts-prepend-node-path=auto' ]
2 info using npm@3.10.10
3 info using node@v6.11.5
4 verbose run-script [ 'prebuild', 'build', 'postbuild' ]
5 info lifecycle formBuilder@2.9.8~prebuild: formBuilder@2.9.8
6 silly lifecycle formBuilder@2.9.8~prebuild: no script for prebuild, continuing
7 info lifecycle formBuilder@2.9.8~build: formBuilder@2.9.8
8 verbose lifecycle formBuilder@2.9.8~build: unsafe-perm in lifecycle true
9 verbose lifecycle formBuilder@2.9.8~build: PATH: C:\nodejs\node_modules\npm\bin\node-gyp-bin;C:\OpenServer\OSPanel\domains\editor.local\form-builder\node_modules\.bin;C:\Program Files\Docker\Docker\Resources\bin;C:\Python27\;C:\Python27\Scripts;C:\WINDOWS\system32;C:\WINDOWS;C:\WINDOWS\System32\Wbem;C:\WINDOWS\System32\WindowsPowerShell\v1.0\;C:\Program Files (x86)\Skype\Phone\;C:\Program Files\OpenVPN\bin;C:\Program Files\PuTTY\;C:\Program Files (x86)\GitExtensions\;C:\nodejs\;C:\Program Files (x86)\Yarn\bin;C:\Users\SKravtsov\AppData\Local\Microsoft\WindowsApps;C:\Users\SKravtsov\AppData\Roaming\npm;C:\Users\SKravtsov\AppData\Local\Yarn\bin
10 verbose lifecycle formBuilder@2.9.8~build: CWD: C:\OpenServer\OSPanel\domains\editor.local\form-builder
11 silly lifecycle formBuilder@2.9.8~build: Args: [ '/d /s /c',
11 silly lifecycle   'babel-node -- node_modules/webpack/bin/webpack -p --progress --config tools/webpack.config && cp demo/assets/js/form-* dist/' ]
12 silly lifecycle formBuilder@2.9.8~build: Returned: code: 1  signal: null
13 info lifecycle formBuilder@2.9.8~build: Failed to exec build script
14 verbose stack Error: formBuilder@2.9.8 build: `babel-node -- node_modules/webpack/bin/webpack -p --progress --config tools/webpack.config && cp demo/assets/js/form-* dist/`
14 verbose stack Exit status 1
14 verbose stack     at EventEmitter.<anonymous> (C:\nodejs\node_modules\npm\lib\utils\lifecycle.js:255:16)
14 verbose stack     at emitTwo (events.js:106:13)
14 verbose stack     at EventEmitter.emit (events.js:191:7)
14 verbose stack     at ChildProcess.<anonymous> (C:\nodejs\node_modules\npm\lib\utils\spawn.js:40:14)
14 verbose stack     at emitTwo (events.js:106:13)
14 verbose stack     at ChildProcess.emit (events.js:191:7)
14 verbose stack     at maybeClose (internal/child_process.js:920:16)
14 verbose stack     at Process.ChildProcess._handle.onexit (internal/child_process.js:230:5)
15 verbose pkgid formBuilder@2.9.8
16 verbose cwd C:\OpenServer\OSPanel\domains\editor.local\form-builder
17 error Windows_NT 10.0.15063
18 error argv "C:\\nodejs\\node.exe" "C:\\nodejs\\node_modules\\npm\\bin\\npm-cli.js" "run" "build" "--scripts-prepend-node-path=auto"
19 error node v6.11.5
20 error npm  v3.10.10
21 error code ELIFECYCLE
22 error formBuilder@2.9.8 build: `babel-node -- node_modules/webpack/bin/webpack -p --progress --config tools/webpack.config && cp demo/assets/js/form-* dist/`
22 error Exit status 1
23 error Failed at the formBuilder@2.9.8 build script 'babel-node -- node_modules/webpack/bin/webpack -p --progress --config tools/webpack.config && cp demo/assets/js/form-* dist/'.
23 error Make sure you have the latest version of node.js and npm installed.
23 error If you do, this is most likely a problem with the formBuilder package,
23 error not with npm itself.
23 error Tell the author that this fails on your system:
23 error     babel-node -- node_modules/webpack/bin/webpack -p --progress --config tools/webpack.config && cp demo/assets/js/form-* dist/
23 error You can get information on how to open an issue for this project with:
23 error     npm bugs formBuilder
23 error Or if that isn't available, you can get their info via:
23 error     npm owner ls formBuilder
23 error There is likely additional logging output above.
24 verbose exit [ 1, true ]
